# JRE version: Java(TM) SE Runtime Environment 18.9 (11.0.15+8) (build 11.0.15+8-LTS-149)
# Java VM: Java HotSpot(TM) 64-Bit Server VM 18.9 (11.0.15+8-LTS-149, mixed mode, tiered, compressed oops, g1 gc, windows-amd64)
Heap:
 garbage-first heap   total 115712K, used 20151K [0x00000000a2e00000, 0x0000000100000000)
  region size 1024K, 12 young (12288K), 4 survivors (4096K)
 Metaspace       used 28400K, capacity 28949K, committed 29104K, reserved 1075200K
  class space    used 3091K, capacity 3259K, committed 3328K, reserved 1048576K
GC Heap History (10 events):
Event: 2.070 GC heap before
{Heap before GC invocations=1 (full 0):
 garbage-first heap   total 96256K, used 12373K [0x00000000a2e00000, 0x0000000100000000)
  region size 1024K, 11 young (11264K), 2 survivors (2048K)
 Metaspace       used 12323K, capacity 12532K, committed 12672K, reserved 1060864K
  class space    used 1247K, capacity 1348K, committed 1408K, reserved 1048576K
}
Event: 2.079 GC heap after
{Heap after GC invocations=2 (full 0):
 garbage-first heap   total 96256K, used 3661K [0x00000000a2e00000, 0x0000000100000000)
  region size 1024K, 1 young (1024K), 1 survivors (1024K)
 Metaspace       used 12323K, capacity 12532K, committed 12672K, reserved 1060864K
  class space    used 1247K, capacity 1348K, committed 1408K, reserved 1048576K
}
Event: 3.258 GC heap before
{Heap before GC invocations=2 (full 0):
 garbage-first heap   total 96256K, used 30285K [0x00000000a2e00000, 0x0000000100000000)
  region size 1024K, 27 young (27648K), 1 survivors (1024K)
 Metaspace       used 15939K, capacity 16170K, committed 16512K, reserved 1064960K
  class space    used 1702K, capacity 1810K, committed 1920K, reserved 1048576K
}
Event: 3.266 GC heap after
{Heap after GC invocations=3 (full 0):
 garbage-first heap   total 96256K, used 4819K [0x00000000a2e00000, 0x0000000100000000)
  region size 1024K, 2 young (2048K), 2 survivors (2048K)
 Metaspace       used 15939K, capacity 16170K, committed 16512K, reserved 1064960K
  class space    used 1702K, capacity 1810K, committed 1920K, reserved 1048576K
}
Event: 5.402 GC heap before
{Heap before GC invocations=3 (full 0):
 garbage-first heap   total 96256K, used 48851K [0x00000000a2e00000, 0x0000000100000000)
  region size 1024K, 45 young (46080K), 2 survivors (2048K)
 Metaspace       used 20340K, capacity 20622K, committed 20736K, reserved 1067008K
  class space    used 2161K, capacity 2281K, committed 2304K, reserved 1048576K
}
Event: 5.422 GC heap after
{Heap after GC invocations=4 (full 0):
 garbage-first heap   total 96256K, used 9695K [0x00000000a2e00000, 0x0000000100000000)
  region size 1024K, 6 young (6144K), 6 survivors (6144K)
 Metaspace       used 20340K, capacity 20622K, committed 20736K, reserved 1067008K
  class space    used 2161K, capacity 2281K, committed 2304K, reserved 1048576K
}
Event: 6.035 GC heap before
{Heap before GC invocations=4 (full 0):
 garbage-first heap   total 96256K, used 23007K [0x00000000a2e00000, 0x0000000100000000)
  region size 1024K, 20 young (20480K), 6 survivors (6144K)
 Metaspace       used 20801K, capacity 21135K, committed 21296K, reserved 1069056K
  class space    used 2200K, capacity 2321K, committed 2432K, reserved 1048576K
}
Event: 6.056 GC heap after
{Heap after GC invocations=5 (full 0):
 garbage-first heap   total 96256K, used 11243K [0x00000000a2e00000, 0x0000000100000000)
  region size 1024K, 2 young (2048K), 2 survivors (2048K)
 Metaspace       used 20801K, capacity 21135K, committed 21296K, reserved 1069056K
  class space    used 2200K, capacity 2321K, committed 2432K, reserved 1048576K
}
Event: 7.614 GC heap before
{Heap before GC invocations=6 (full 0):
 garbage-first heap   total 96256K, used 48107K [0x00000000a2e00000, 0x0000000100000000)
  region size 1024K, 38 young (38912K), 2 survivors (2048K)
 Metaspace       used 23180K, capacity 23634K, committed 23856K, reserved 1071104K
  class space    used 2427K, capacity 2585K, committed 2688K, reserved 1048576K
}
Event: 7.624 GC heap after
{Heap after GC invocations=7 (full 0):
 garbage-first heap   total 115712K, used 12983K [0x00000000a2e00000, 0x0000000100000000)
  region size 1024K, 4 young (4096K), 4 survivors (4096K)
 Metaspace       used 23180K, capacity 23634K, committed 23856K, reserved 1071104K
  class space    used 2427K, capacity 2585K, committed 2688K, reserved 1048576K
}

